Running: fuse.exe -relaunch -intstyle "ise" -incremental -lib "unisims_ver" -lib "unimacro_ver" -lib "xilinxcorelib_ver" -o "C:/Users/tegusi/lab0/lab0_lab0_sch_tb_isim_beh.exe" -prj "C:/Users/tegusi/lab0/lab0_lab0_sch_tb_beh.prj" "work.lab0_lab0_sch_tb" "work.glbl" 
ISim P.20131013 (signature 0x7708f090)
Number of CPUs detected in this system: 8
Turning on mult-threading, number of parallel sub-compilation jobs: 16 
Determining compilation order of HDL files
Analyzing Verilog file "C:/Users/tegusi/lab0/fulladd.v" into library work
Analyzing Verilog file "C:/Users/tegusi/lab0/lab0.vf" into library work
Analyzing Verilog file "C:/Users/tegusi/lab0/test.v" into library work
Analyzing Verilog file "D:/Shuluo/14.7/ISE_DS/ISE//verilog/src/glbl.v" into library work
Starting static elaboration
Completed static elaboration
Compiling module AND2
Compiling module NAND2
Compiling module OR2
Compiling module NOR2
Compiling module XOR2
Compiling module XNOR2
Compiling module fulladd
Compiling module lab0
Compiling module lab0_lab0_sch_tb
Compiling module glbl
Time Resolution for simulation is 1ps.
Waiting for 1 sub-compilation(s) to finish...
Compiled 10 Verilog Units
Built simulation executable C:/Users/tegusi/lab0/lab0_lab0_sch_tb_isim_beh.exe
Fuse Memory Usage: 28492 KB
Fuse CPU Usage: 436 ms
