Command line:
   fulladd_isim_beh.exe
     -simmode  gui
     -simrunnum  0
     -socket  61382

Wed Apr 11 13:50:00 2018


 Elaboration Time: 0.046875 sec

 Current Memory Usage: 1040.46 Meg

 Total Signals          : 17
 Total Nets             : 18
 Total Signal Drivers   : 7
 Total Blocks           : 2
 Total Primitive Blocks : 2
 Total Processes        : 9
 Total Traceable Variables  : 19
 Total Scalar Nets and Variables : 99
Total Line Count : 20

 Total Simulation Time: 0.234375 sec

 Current Memory Usage: 1355.03 Meg

Wed Apr 11 13:50:33 2018

