Release 14.7 Map P.20131013 (nt)
Xilinx Mapping Report File for Design 'main'

Design Information
------------------
Command Line   : map -intstyle ise -p xc3s100e-cp132-5 -cm area -ir off -pr off
-c 100 -o main_map.ncd main.ngd main.pcf 
Target Device  : xc3s100e
Target Package : cp132
Target Speed   : -5
Mapper Version : spartan3e -- $Revision: 1.55 $
Mapped Date    : Sun May 20 14:13:47 2018

Design Summary
--------------
Number of errors:      0
Number of warnings:    0
Logic Utilization:
  Number of Slice Flip Flops:            72 out of   1,920    3%
  Number of 4 input LUTs:                97 out of   1,920    5%
Logic Distribution:
  Number of occupied Slices:             95 out of     960    9%
    Number of Slices containing only related logic:      95 out of      95 100%
    Number of Slices containing unrelated logic:          0 out of      95   0%
      *See NOTES below for an explanation of the effects of unrelated logic.
  Total Number of 4 input LUTs:         175 out of   1,920    9%
    Number used as logic:                97
    Number used as a route-thru:         78

  The Slice Logic Distribution report is not meaningful if the design is
  over-mapped for a non-slice resource or if Placement fails.

  Number of bonded IOBs:                 15 out of      83   18%
  Number of BUFGMUXs:                     1 out of      24    4%

Average Fanout of Non-Clock Nets:                2.38

Peak Memory Usage:  345 MB
Total REAL time to MAP completion:  1 secs 
Total CPU time to MAP completion:   1 secs 

NOTES:

   Related logic is defined as being logic that shares connectivity - e.g. two
   LUTs are "related" if they share common inputs.  When assembling slices,
   Map gives priority to combine logic that is related.  Doing so results in
   the best timing performance.

   Unrelated logic shares no connectivity.  Map will only begin packing
   unrelated logic into a slice once 99% of the slices are occupied through
   related logic packing.

   Note that once logic distribution reaches the 99% level through related
   logic packing, this does not mean the device is completely utilized.
   Unrelated logic packing will then begin, continuing until all usable LUTs
   and FFs are occupied.  Depending on your timing budget, increased levels of
   unrelated logic packing may adversely affect the overall timing performance
   of your design.

Table of Contents
-----------------
Section 1 - Errors
Section 2 - Warnings
Section 3 - Informational
Section 4 - Removed Logic Summary
Section 5 - Removed Logic
Section 6 - IOB Properties
Section 7 - RPMs
Section 8 - Guide Report
Section 9 - Area Group and Partition Summary
Section 10 - Timing Report
Section 11 - Configuration String Information
Section 12 - Control Set Information
Section 13 - Utilization by Hierarchy

Section 1 - Errors
------------------

Section 2 - Warnings
--------------------

Section 3 - Informational
-------------------------
INFO:MapLib:562 - No environment variables are currently set.
INFO:LIT:244 - All of the single ended outputs in this design are using slew
   rate limited output drivers. The delay on speed critical single ended outputs
   can be dramatically reduced by designating them as fast outputs.

Section 4 - Removed Logic Summary
---------------------------------
   2 block(s) removed
  98 block(s) optimized away

Section 5 - Removed Logic
-------------------------

The trimmed logic report below shows the logic removed from your design due to
sourceless or loadless signals, and VCC or ground connections.  If the removal
of a signal or symbol results in the subsequent removal of an additional signal
or symbol, the message explaining that second removal will be indented.  This
indentation will be repeated as a chain of related logic is removed.

To quickly locate the original cause for the removal of a chain of logic, look
above the place where that logic is listed in the trimming report, then locate
the lines that are least indented (begin at the leftmost edge).

Loadless block "XLXI_1/XLXI_108" (AND) removed.
Loadless block "XLXI_22/XLXI_108" (AND) removed.

Optimized Block(s):
TYPE 		BLOCK
AND3 		XLXI_1/XLXI_13/I_M01/I_36_30
AND3 		XLXI_1/XLXI_13/I_M23/I_36_30
AND3B1 		XLXI_1/XLXI_13/I_M23/I_36_31
OR2 		XLXI_1/XLXI_13/I_M23/I_36_38
GND 		XLXI_1/XLXI_13/XST_GND
VCC 		XLXI_1/XLXI_13/XST_VCC
AND3 		XLXI_1/XLXI_28/I_M01/I_36_30
AND3 		XLXI_1/XLXI_28/I_M23/I_36_30
AND3B1 		XLXI_1/XLXI_28/I_M23/I_36_31
OR2 		XLXI_1/XLXI_28/I_M23/I_36_38
GND 		XLXI_1/XLXI_28/XST_GND
VCC 		XLXI_1/XLXI_28/XST_VCC
AND3 		XLXI_1/XLXI_43/I_M01/I_36_30
AND3 		XLXI_1/XLXI_43/I_M23/I_36_30
AND3B1 		XLXI_1/XLXI_43/I_M23/I_36_31
OR2 		XLXI_1/XLXI_43/I_M23/I_36_38
GND 		XLXI_1/XLXI_43/XST_GND
VCC 		XLXI_1/XLXI_43/XST_VCC
AND3 		XLXI_1/XLXI_71/I_M01/I_36_30
AND3 		XLXI_1/XLXI_71/I_M23/I_36_30
AND3B1 		XLXI_1/XLXI_71/I_M23/I_36_31
OR2 		XLXI_1/XLXI_71/I_M23/I_36_38
GND 		XLXI_1/XLXI_71/XST_GND
VCC 		XLXI_1/XLXI_71/XST_VCC
AND3 		XLXI_22/XLXI_13/I_M01/I_36_30
AND3 		XLXI_22/XLXI_13/I_M23/I_36_30
AND3B1 		XLXI_22/XLXI_13/I_M23/I_36_31
OR2 		XLXI_22/XLXI_13/I_M23/I_36_38
GND 		XLXI_22/XLXI_13/XST_GND
VCC 		XLXI_22/XLXI_13/XST_VCC
AND3 		XLXI_22/XLXI_28/I_M01/I_36_30
AND3 		XLXI_22/XLXI_28/I_M23/I_36_30
AND3B1 		XLXI_22/XLXI_28/I_M23/I_36_31
OR2 		XLXI_22/XLXI_28/I_M23/I_36_38
GND 		XLXI_22/XLXI_28/XST_GND
VCC 		XLXI_22/XLXI_28/XST_VCC
AND3 		XLXI_22/XLXI_43/I_M01/I_36_30
AND3 		XLXI_22/XLXI_43/I_M23/I_36_30
AND3B1 		XLXI_22/XLXI_43/I_M23/I_36_31
OR2 		XLXI_22/XLXI_43/I_M23/I_36_38
GND 		XLXI_22/XLXI_43/XST_GND
VCC 		XLXI_22/XLXI_43/XST_VCC
AND3 		XLXI_22/XLXI_71/I_M01/I_36_30
AND3 		XLXI_22/XLXI_71/I_M23/I_36_30
AND3B1 		XLXI_22/XLXI_71/I_M23/I_36_31
OR2 		XLXI_22/XLXI_71/I_M23/I_36_38
GND 		XLXI_22/XLXI_71/XST_GND
VCC 		XLXI_22/XLXI_71/XST_VCC
AND3 		XLXI_23/XLXI_13/I_M01/I_36_30
AND3 		XLXI_23/XLXI_13/I_M23/I_36_30
AND3B1 		XLXI_23/XLXI_13/I_M23/I_36_31
OR2 		XLXI_23/XLXI_13/I_M23/I_36_38
GND 		XLXI_23/XLXI_13/XST_GND
VCC 		XLXI_23/XLXI_13/XST_VCC
AND3 		XLXI_23/XLXI_28/I_M01/I_36_30
AND3 		XLXI_23/XLXI_28/I_M23/I_36_30
AND3B1 		XLXI_23/XLXI_28/I_M23/I_36_31
OR2 		XLXI_23/XLXI_28/I_M23/I_36_38
GND 		XLXI_23/XLXI_28/XST_GND
VCC 		XLXI_23/XLXI_28/XST_VCC
AND3 		XLXI_23/XLXI_43/I_M01/I_36_30
AND3 		XLXI_23/XLXI_43/I_M23/I_36_30
AND3B1 		XLXI_23/XLXI_43/I_M23/I_36_31
OR2 		XLXI_23/XLXI_43/I_M23/I_36_38
GND 		XLXI_23/XLXI_43/XST_GND
VCC 		XLXI_23/XLXI_43/XST_VCC
AND3 		XLXI_23/XLXI_71/I_M01/I_36_30
AND3 		XLXI_23/XLXI_71/I_M23/I_36_30
AND3B1 		XLXI_23/XLXI_71/I_M23/I_36_31
OR2 		XLXI_23/XLXI_71/I_M23/I_36_38
GND 		XLXI_23/XLXI_71/XST_GND
VCC 		XLXI_23/XLXI_71/XST_VCC
AND3 		XLXI_24/XLXI_13/I_M01/I_36_30
AND3 		XLXI_24/XLXI_13/I_M23/I_36_30
AND3B1 		XLXI_24/XLXI_13/I_M23/I_36_31
OR2 		XLXI_24/XLXI_13/I_M23/I_36_38
GND 		XLXI_24/XLXI_13/XST_GND
VCC 		XLXI_24/XLXI_13/XST_VCC
AND3 		XLXI_24/XLXI_28/I_M01/I_36_30
AND3 		XLXI_24/XLXI_28/I_M23/I_36_30
AND3B1 		XLXI_24/XLXI_28/I_M23/I_36_31
OR2 		XLXI_24/XLXI_28/I_M23/I_36_38
GND 		XLXI_24/XLXI_28/XST_GND
VCC 		XLXI_24/XLXI_28/XST_VCC
AND3 		XLXI_24/XLXI_43/I_M01/I_36_30
AND3 		XLXI_24/XLXI_43/I_M23/I_36_30
AND3B1 		XLXI_24/XLXI_43/I_M23/I_36_31
OR2 		XLXI_24/XLXI_43/I_M23/I_36_38
GND 		XLXI_24/XLXI_43/XST_GND
VCC 		XLXI_24/XLXI_43/XST_VCC
AND3 		XLXI_24/XLXI_71/I_M01/I_36_30
AND3 		XLXI_24/XLXI_71/I_M23/I_36_30
AND3B1 		XLXI_24/XLXI_71/I_M23/I_36_31
OR2 		XLXI_24/XLXI_71/I_M23/I_36_38
GND 		XLXI_24/XLXI_71/XST_GND
VCC 		XLXI_24/XLXI_71/XST_VCC
GND 		XST_GND
VCC 		XST_VCC

To enable printing of redundant blocks removed and signals merged, set the
detailed map report option and rerun map.

Section 6 - IOB Properties
--------------------------

+---------------------------------------------------------------------------------------------------------------------------------------------------------+
| IOB Name                           | Type             | Direction | IO Standard          | Diff  | Drive    | Slew | Reg (s)      | Resistor | IOB      |
|                                    |                  |           |                      | Term  | Strength | Rate |              |          | Delay    |
+---------------------------------------------------------------------------------------------------------------------------------------------------------+
| an<0>                              | IOB              | OUTPUT    | LVCMOS25             |       | 12       | SLOW |              |          | 0 / 0    |
| an<1>                              | IOB              | OUTPUT    | LVCMOS25             |       | 12       | SLOW |              |          | 0 / 0    |
| an<2>                              | IOB              | OUTPUT    | LVCMOS25             |       | 12       | SLOW |              |          | 0 / 0    |
| an<3>                              | IOB              | OUTPUT    | LVCMOS25             |       | 12       | SLOW |              |          | 0 / 0    |
| btn<0>                             | IBUF             | INPUT     | LVCMOS25             |       |          |      |              |          | 0 / 0    |
| btn<1>                             | IBUF             | INPUT     | LVCMOS25             |       |          |      |              |          | 0 / 0    |
| dp                                 | IOB              | OUTPUT    | LVCMOS25             |       | 12       | SLOW |              |          | 0 / 0    |
| mclk                               | IBUF             | INPUT     | LVCMOS25             |       |          |      |              |          | 0 / 0    |
| seg<0>                             | IOB              | OUTPUT    | LVCMOS25             |       | 12       | SLOW |              |          | 0 / 0    |
| seg<1>                             | IOB              | OUTPUT    | LVCMOS25             |       | 12       | SLOW |              |          | 0 / 0    |
| seg<2>                             | IOB              | OUTPUT    | LVCMOS25             |       | 12       | SLOW |              |          | 0 / 0    |
| seg<3>                             | IOB              | OUTPUT    | LVCMOS25             |       | 12       | SLOW |              |          | 0 / 0    |
| seg<4>                             | IOB              | OUTPUT    | LVCMOS25             |       | 12       | SLOW |              |          | 0 / 0    |
| seg<5>                             | IOB              | OUTPUT    | LVCMOS25             |       | 12       | SLOW |              |          | 0 / 0    |
| seg<6>                             | IOB              | OUTPUT    | LVCMOS25             |       | 12       | SLOW |              |          | 0 / 0    |
+---------------------------------------------------------------------------------------------------------------------------------------------------------+

Section 7 - RPMs
----------------

Section 8 - Guide Report
------------------------
Guide not run on this design.

Section 9 - Area Group and Partition Summary
--------------------------------------------

Partition Implementation Status
-------------------------------

  No Partitions were found in this design.

-------------------------------

Area Group Information
----------------------

  No area groups were found in this design.

----------------------

Section 10 - Timing Report
--------------------------
This design was not run using timing mode.

Section 11 - Configuration String Details
-----------------------------------------
Use the "-detail" map option to print out Configuration Strings

Section 12 - Control Set Information
------------------------------------
No control set information for this architecture.

Section 13 - Utilization by Hierarchy
-------------------------------------
Use the "-detail" map option to print out the Utilization by Hierarchy section.
